2024-06-19 12:36:10 WARNING: GET / - limit and page must be greater than 0
2024-06-19 12:36:10 ERROR: GET / - Cannot set headers after they are sent to the client
2024-06-19 12:36:30 WARNING: GET / - limit and page must be greater than 0
2024-06-19 12:36:37 WARNING: GET / - limit and page must be greater than 0
2024-06-26 12:29:13 ERROR: GET /premium/667c2e189d8d921f26a24ae0 - userService.updateRole is not a function
2024-06-26 12:44:54 WARNING: GET /users - No tienes permisos para realizar esta acción
2024-06-26 14:00:11 ERROR: POST /667c2e189d8d921f26a24ae4/products/6617ed15f8782713d833e62d - Cannot read properties of undefined (reading 'toString')
2024-06-26 14:00:20 ERROR: POST /667c2e189d8d921f26a24ae4/products/6617ed15f8782713d833e62d - Cannot read properties of undefined (reading 'toString')
2024-06-26 14:01:38 WARNING: GET / - No tienes permisos para realizar esta acción
2024-06-26 14:02:39 ERROR: POST /667c2e189d8d921f26a24ae4/products/6617ed15f8782713d833e633 - Cannot read properties of undefined (reading 'toString')
2024-06-26 14:02:46 ERROR: POST /667c2e189d8d921f26a24ae4/products/6617ed15f8782713d833e633 - Cannot read properties of undefined (reading 'toString')
2024-06-26 14:03:33 ERROR: POST /667c2e189d8d921f26a24ae4/products/6617ed15f8782713d833e633 - Cannot read properties of undefined (reading 'toString')
2024-06-26 14:06:49 WARNING: POST / - no tiene permisos para agregar productos
2024-06-26 14:09:18 WARNING: POST / - One or more fields have the wrong type
2024-06-26 14:09:18 ERROR: POST / - One or more fields have the wrong type
2024-06-26 14:13:48 WARNING: POST / - One or more fields have the wrong type
2024-06-26 14:13:48 ERROR: POST / - One or more fields have the wrong type
2024-06-26 14:15:23 WARNING: POST / - One or more fields have the wrong type
2024-06-26 14:15:23 ERROR: POST / - One or more fields have the wrong type. 
      List of required types: 
      * title       : Needs to be a String, received: Toddys || string,
      * description : Needs to be a String, received: Deliciosas galletas de chocolate || string,
      * code        : Needs to be a Number, received: TODDY123 || string,
      * price       : Needs to be a Number greater than 0 , received: 7 || string,
      * stock       : Needs to be a Number, greater than or equal to 0 received: 9 || string,
      * category    : Needs to be a String, received: comidas || string,
      * thumbnails  : Needs to be an Array, received: https://imgur.com/rL4p3iZ || string
2024-06-26 14:17:39 WARNING: POST / - One or more fields are missing
2024-06-26 14:17:39 ERROR: POST / - One or more fields are missing
2024-06-26 14:28:12 WARNING: POST / - One or more fields have the wrong type
2024-06-26 14:28:12 ERROR: POST / - One or more fields have the wrong type
2024-06-26 14:29:04 WARNING: POST / - One or more fields have the wrong type
2024-06-26 14:29:04 ERROR: POST / - One or more fields have the wrong type. 
      List of required types: 
      * title       : Needs to be a String, received: Toddys || string,
      * description : Needs to be a String, received: Deliciosas galletas de chocolate || string,
      * code        : Needs to be a Number, received: TODDY123 || string,
      * price       : Needs to be a Number greater than 0 , received: 7 || string,
      * stock       : Needs to be a Number, greater than or equal to 0 received: 9 || string,
      * category    : Needs to be a String, received: comidas || string,
      * thumbnails  : Needs to be an Array, received: https://imgur.com/rL4p3iZ || string
2024-06-26 14:33:24 WARNING: POST / - One or more fields have the wrong type
2024-06-26 14:33:24 ERROR: POST / - One or more fields have the wrong type. 
      List of required types: 
      * title       : Needs to be a String, received: Toddys || string,
      * description : Needs to be a String, received: Deliciosas galletas de chocolate || string,
      * code        : Needs to be a Number, received: TODDY123 || string,
      * price       : Needs to be a Number greater than 0 , received: 7 || string,
      * stock       : Needs to be a Number, greater than or equal to 0 received: 9 || string,
      * category    : Needs to be a String, received: comidas || string,
      * thumbnails  : Needs to be an Array, received: https://imgur.com/rL4p3iZ || string
2024-06-26 14:37:49 WARNING: POST / - One or more fields have the wrong type
2024-06-26 14:37:49 ERROR: POST / - One or more fields have the wrong type. 
      List of required types: 
      * title       : Needs to be a String, received: Toddys || string,
      * description : Needs to be a String, received: Deliciosas galletas de chocolate || string,
      * code        : Needs to be a Number, received: TODDY123 || string,
      * price       : Needs to be a Number greater than 0 , received: 7 || number,
      * stock       : Needs to be a Number, greater than or equal to 0 received: 9 || number,
      * category    : Needs to be a String, received: comidas || string,
      * thumbnails  : Needs to be an Array, received: https://imgur.com/rL4p3iZ || object
2024-06-26 14:42:15 WARNING: POST / - One or more fields have the wrong type
2024-06-26 14:42:15 ERROR: POST / - One or more fields have the wrong type. 
      List of required types: 
      * title       : Needs to be a String, received: Toddys || string,
      * description : Needs to be a String, received: Deliciosas galletas de chocolate || string,
      * code        : Needs to be a Number, received: TODDY123 || string,
      * price       : Needs to be a Number greater than 0 , received: 7 || number,
      * stock       : Needs to be a Number, greater than or equal to 0 received: 9 || number,
      * category    : Needs to be a String, received: comidas || string,
      * thumbnails  : Needs to be an Array, received: https://imgur.com/rL4p3iZ || string
2024-06-26 14:44:49 WARNING: POST / - One or more fields have the wrong type
2024-06-26 14:44:49 ERROR: POST / - One or more fields have the wrong type. 
      List of required types: 
      * title       : Needs to be a String, received: Toddys || string,
      * description : Needs to be a String, received: Deliciosas toddys de chocolate || string,
      * code        : Needs to be a Number, received: TODDY123 || string,
      * price       : Needs to be a Number greater than 0 , received: 7 || number,
      * stock       : Needs to be a Number, greater than or equal to 0 received: 9 || number,
      * category    : Needs to be a String, received: comidas || string,
      * thumbnails  : Needs to be an Array, received: https://imgur.com/rL4p3iZ || object
2024-06-26 14:47:24 WARNING: POST / - One or more fields have the wrong type
2024-06-26 14:47:24 ERROR: POST / - One or more fields have the wrong type. 
      List of required types: 
      * title       : Needs to be a String, received: Toddys || string,
      * description : Needs to be a String, received: Deliciosas galletas de chocolate || string,
      * code        : Needs to be a Number, received: TODDY123 || string,
      * price       : Needs to be a Number greater than 0 , received: 7 || number,
      * stock       : Needs to be a Number, greater than or equal to 0 received: 9 || number,
      * category    : Needs to be a String, received: comidas || string,
      * thumbnails  : Needs to be an Array, received: https://imgur.com/rL4p3iZ || object
2024-06-26 14:48:02 WARNING: POST / - One or more fields have the wrong type
2024-06-26 14:48:02 ERROR: POST / - One or more fields have the wrong type. 
      List of required types: 
      * title       : Needs to be a String, received: Toddys || string,
      * description : Needs to be a String, received: Deliciosas galletas de chocolate || string,
      * code        : Needs to be a Number, received: TODDY123 || string,
      * price       : Needs to be a Number greater than 0 , received: 7 || number,
      * stock       : Needs to be a Number, greater than or equal to 0 received: 9 || number,
      * category    : Needs to be a String, received: comidas || string,
      * thumbnails  : Needs to be an Array, received: h,t,t,p,s,:,/,/,i,m,g,u,r,.,c,o,m,/,r,L,4,p,3,i,Z || object
2024-06-26 14:49:16 WARNING: POST / - One or more fields have the wrong type
2024-06-26 14:49:16 ERROR: POST / - One or more fields have the wrong type. 
      List of required types: 
      * title       : Needs to be a String, received: Toddys || string,
      * description : Needs to be a String, received: Deliciosas galletas de chocoalte || string,
      * code        : Needs to be a Number, received: TODDY123 || string,
      * price       : Needs to be a Number greater than 0 , received: 7 || number,
      * stock       : Needs to be a Number, greater than or equal to 0 received: 9 || number,
      * category    : Needs to be a String, received: comidas || string,
      * thumbnails  : Needs to be an Array, received: https://imgur.com/rL4p3iZ || object
2024-06-26 14:50:45 WARNING: POST / - One or more fields have the wrong type
2024-06-26 14:50:45 ERROR: POST / - One or more fields have the wrong type. 
      List of required types: 
      * title       : Needs to be a String, received: Toddys || string,
      * description : Needs to be a String, received: Deliciosas galletas de chocolate || string,
      * code        : Needs to be a Number, received: TODDY123 || string,
      * price       : Needs to be a Number greater than 0 , received: 7 || number,
      * stock       : Needs to be a Number, greater than or equal to 0 received: 9 || number,
      * category    : Needs to be a String, received: comidas || string,
      * thumbnails  : Needs to be an Array, received: https://imgur.com/rL4p3iZ || string
2024-06-26 15:10:33 WARNING: POST /667c2e189d8d921f26a24ae4/products/667c55711101c611700f0125 - No puedes agregar tus propios productos al carrito
2024-06-26 15:11:34 WARNING: POST /667c2e189d8d921f26a24ae4/products/667c55711101c611700f0125 - No puedes agregar tus propios productos al carrito
2024-06-26 15:12:04 WARNING: POST /667c2e189d8d921f26a24ae4/products/667c55711101c611700f0125 - No puedes agregar tus propios productos al carrito
2024-06-26 15:12:14 WARNING: POST /667c2e189d8d921f26a24ae4/products/667c55711101c611700f0125 - No puedes agregar tus propios productos al carrito
2024-06-27 17:32:27 WARNING: GET / - No tienes permisos para realizar esta acción
2024-06-27 17:38:37 WARNING: GET /users - No tienes permisos para realizar esta acción
2024-06-27 17:38:53 WARNING: GET / - No tienes permisos para realizar esta acción
2024-06-27 17:38:58 WARNING: GET / - No tienes permisos para realizar esta acción
2024-06-27 17:43:31 WARNING: POST /resetpassword - Password is the same as the current one
2024-06-27 17:43:43 WARNING: POST /resetpassword - Passwords do not match
2024-07-04 11:15:10 WARNING: GET / - No tienes permisos para realizar esta acción
2024-07-04 12:15:15 WARNING: GET / - No tienes permisos para realizar esta acción
2024-07-04 12:18:13 WARNING: GET /premium/665a06a89f0653cac83f7446 - User is admin, can't change to premium/user
2024-07-04 18:03:47 ERROR: GET /60f7b3b3b5f7b40015f7b3b3 - No product found
2024-07-04 18:04:33 ERROR: GET /60f7b3b3b5f7b40015f7b3b3 - No product found
2024-07-04 20:01:56 WARNING: GET / - Unauthorized
2024-07-04 20:24:46 ERROR: GET / - Unexpected token 'c', "createdAt:desc" is not valid JSON
2024-07-04 20:24:53 ERROR: GET / - Unexpected token 'c', "createdAt:desc" is not valid JSON
2024-07-05 12:34:19 WARNING: GET / - No tienes permisos para realizar esta acción
2024-07-05 12:34:22 WARNING: GET / - No tienes permisos para realizar esta acción
2024-07-08 21:25:21 WARNING: GET / - Unauthorized
2024-07-10 21:45:41 ERROR: GET /api/products - Cannot set headers after they are sent to the client
2024-07-10 21:46:06 ERROR: GET /api/products - Cannot set headers after they are sent to the client
2024-07-10 21:47:31 ERROR: GET /api/products - Cannot set headers after they are sent to the client
2024-07-10 21:48:24 ERROR: GET /api/products - Cannot set headers after they are sent to the client
2024-07-10 21:50:31 ERROR: GET /api/products - Cannot set headers after they are sent to the client
2024-07-10 21:50:53 ERROR: GET /api/products - Cannot set headers after they are sent to the client
2024-07-10 21:51:10 ERROR: GET /api/products - Cannot set headers after they are sent to the client
2024-07-10 21:52:20 ERROR: GET /api/products - Cannot set headers after they are sent to the client
2024-07-11 15:31:36 ERROR: PUT /6690250888c97d8e98ccc005 - Plan executor error during findAndModify :: caused by :: Performing an update on the path '_id' would modify the immutable field '_id'
2024-07-11 15:31:36 ERROR: DELETE /6690250888c97d8e98ccc005 - Error deleting product
2024-07-11 15:33:21 WARNING: Unauthorized
2024-07-11 15:33:22 WARNING: Unauthorized
2024-07-11 15:33:22 WARNING: Unauthorized
2024-07-11 15:34:24 ERROR: PUT /669025b01284b3267d42f167 - Plan executor error during findAndModify :: caused by :: Performing an update on the path '_id' would modify the immutable field '_id'
2024-07-11 15:34:24 ERROR: DELETE /669025b01284b3267d42f167 - Error deleting product
2024-07-11 15:36:11 ERROR: PUT /6690261b908c99189d1d6f9e - Plan executor error during findAndModify :: caused by :: Performing an update on the path '_id' would modify the immutable field '_id'
2024-07-11 15:36:11 ERROR: DELETE /6690261b908c99189d1d6f9e - Error deleting product
2024-07-11 15:50:40 ERROR: PUT /6690298011c76224be7e10b6 - Plan executor error during findAndModify :: caused by :: Performing an update on the path '_id' would modify the immutable field '_id'
2024-07-11 15:53:20 ERROR: PUT /66902a205c0b03b675330437 - Plan executor error during findAndModify :: caused by :: Performing an update on the path '_id' would modify the immutable field '_id'
2024-07-11 15:53:20 ERROR: DELETE /66902a205c0b03b675330437 - Error deleting product
2024-07-11 15:55:13 ERROR: DELETE /66902a912bafa101494f2a0b - Error deleting product
2024-07-23 10:41:47 WARNING: GET /users - No tienes permisos para realizar esta acción
2024-07-23 10:42:40 ERROR: GET /premium/665e6433b743315f24126bc0 - Cannot read properties of undefined (reading 'length')
2024-07-23 10:43:58 WARNING: GET /premium/665e6433b743315f24126bc0 - User must upload documents to become premium
2024-07-23 11:08:53 WARNING: GET /users - No tienes permisos para realizar esta acción
2024-07-24 16:25:27 WARNING: GET /role/66834bf11d7241ef22590cae - User must upload documents to become premium
2024-07-24 16:25:42 WARNING: GET /admin-users - No tienes permisos para realizar esta acción
2024-07-24 16:25:49 WARNING: GET /admin-users - No tienes permisos para realizar esta acción
2024-07-24 16:26:06 WARNING: GET /admin-users - No tienes permisos para realizar esta acción
2024-07-24 16:28:27 WARNING: GET /role/665e32bbe944a2faa492e92e - User must upload documents to become premium
2024-07-25 11:02:10 WARNING: GET / - No tienes permisos para realizar esta acción
2024-07-25 11:06:01 WARNING: GET / - No tienes permisos para realizar esta acción
2024-07-25 11:23:00 WARNING: GET /admin-users - No tienes permisos para realizar esta acción
2024-07-25 12:27:12 WARNING: GET /admin-users - No tienes permisos para realizar esta acción
2024-07-25 12:37:13 ERROR: DELETE /null/products/null - Cast to ObjectId failed for value "null" (type string) at path "_id" for model "carts"
2024-07-25 12:38:05 ERROR: DELETE /null/products/null - Cast to ObjectId failed for value "null" (type string) at path "_id" for model "carts"
2024-07-25 14:22:57 WARNING: DELETE / - No tienes permisos para realizar esta acción
2024-07-25 14:23:01 WARNING: DELETE / - No tienes permisos para realizar esta acción
2024-07-25 14:23:07 WARNING: DELETE / - No tienes permisos para realizar esta acción
2024-07-25 14:25:16 WARNING: DELETE / - No tienes permisos para realizar esta acción
2024-07-25 14:25:43 WARNING: GET /role/665a06a89f0653cac83f7446 - User is admin, can't change to premium/user
2024-07-25 14:26:16 WARNING: GET /role/66902eee5d4075fa2a190aa0 - User must upload documents to become premium
2024-07-25 14:41:22 ERROR: DELETE / - carts.map is not a function
2024-07-25 14:41:51 ERROR: DELETE / - carts.map is not a function
2024-07-25 14:43:14 ERROR: DELETE / - carts.map is not a function
2024-07-25 14:45:22 ERROR: DELETE / - carts.map is not a function
2024-07-25 14:47:49 WARNING: GET /role/665a06a89f0653cac83f7446 - User is admin, can't change to premium/user
2024-07-25 14:48:05 ERROR: DELETE /deleteCarts - Cast to ObjectId failed for value "deleteCarts" (type string) at path "_id" for model "carts"
2024-07-25 14:53:14 ERROR: DELETE /deleteCarts - carts.map is not a function
2024-07-25 15:04:58 ERROR: DELETE /deleteCarts - useColorModeValue is not defined
2024-07-25 15:14:48 WARNING: GET /role/66834bf11d7241ef22590cae - User must upload documents to become premium
2024-07-25 15:18:05 ERROR: GET /role/667c2e189d8d921f26a24ae0 - Cannot read properties of undefined (reading 'user')
2024-07-25 15:18:18 ERROR: GET /role/667c2e189d8d921f26a24ae0 - Cannot read properties of undefined (reading 'user')
2024-07-25 15:18:35 ERROR: GET /role/667c2e189d8d921f26a24ae0 - Cannot read properties of undefined (reading 'user')
2024-07-25 15:23:49 WARNING: GET /665e6433b743315f24126bc0 - No tienes permisos para realizar esta acción
2024-07-25 15:25:52 WARNING: GET / - No tienes permisos para realizar esta acción
2024-07-25 15:29:05 WARNING: POST /665e6433b743315f24126bc4/products/66a259f7289b18405d305707 - No puedes agregar tus propios productos al carrito
2024-07-25 15:29:22 WARNING: GET / - No tienes permisos para realizar esta acción
2024-07-25 15:29:29 ERROR: POST /665e6433b743315f24126bc4/products/6617ed15f8782713d833e62f - Cannot read properties of undefined (reading '_id')
2024-07-25 15:29:33 ERROR: POST /665e6433b743315f24126bc4/products/6617ed15f8782713d833e62f - Cannot read properties of undefined (reading '_id')
2024-07-25 15:30:30 WARNING: GET /admin-users - No tienes permisos para realizar esta acción
2024-07-26 14:00:30 INFO: POST /login - User logged in token: eyJhbGciOiJIUzI1NiIsInR5cCI6IkpXVCJ9.eyJfaWQiOiI2NjVhMDZhODlmMDY1M2NhYzgzZjc0NDYiLCJmaXJzdE5hbWUiOiJBZG1pbiIsImxhc3ROYW1lIjoiQ29kZXJob3VzZSIsImVtYWlsIjoiYWRtaW5Db2RlckBjb2Rlci5jb20iLCJhZ2UiOjMwLCJyb2xlIjoiYWRtaW4iLCJpYXQiOjE3MjIwMTMyMzAsImV4cCI6MTcyMjAxNjgzMH0.tCVmSBsahTFpNj51g9cZbDSV0QRnOK7fHSpp1ZTiwsc
2024-07-26 14:07:17 INFO: POST /login - User logged in token: eyJhbGciOiJIUzI1NiIsInR5cCI6IkpXVCJ9.eyJfaWQiOiI2NjVhMDZhODlmMDY1M2NhYzgzZjc0NDYiLCJmaXJzdE5hbWUiOiJBZG1pbiIsImxhc3ROYW1lIjoiQ29kZXJob3VzZSIsImVtYWlsIjoiYWRtaW5Db2RlckBjb2Rlci5jb20iLCJhZ2UiOjMwLCJyb2xlIjoiYWRtaW4iLCJpYXQiOjE3MjIwMTM2MzcsImV4cCI6MTcyMjAxNzIzN30.pkc8ZJW7LMusX8KEaQEubHYr56vEiJhyw1Llr5K4jyg
2024-07-26 15:15:52 ERROR: DELETE /deleteCarts - Cast to ObjectId failed for value "deleteCarts" (type string) at path "_id" for model "carts"
2024-07-26 15:17:08 WARNING: GET /role/665a06a89f0653cac83f7446 - User is admin, can't change to premium/user
2024-07-26 15:19:04 WARNING: POST / - One or more fields are missing
2024-07-26 15:19:05 ERROR: GET /users - Cast to ObjectId failed for value "users" (type string) at path "_id" for model "users"
2024-07-26 15:19:05 WARNING: Unauthorized
2024-07-26 15:19:06 WARNING: Unauthorized
2024-07-26 15:28:30 WARNING: DELETE /66a3eacd9c602a9daffdf3cd - no tiene permisos para eliminar este producto
2024-07-26 15:28:31 ERROR: GET /users - Cast to ObjectId failed for value "users" (type string) at path "_id" for model "users"
2024-07-26 15:28:31 WARNING: Unauthorized
2024-07-26 15:28:31 ERROR: DELETE /undefined - Cast to ObjectId failed for value "undefined" (type string) at path "_id" for model "users"
2024-07-26 15:28:31 WARNING: Unauthorized
2024-07-26 15:44:11 WARNING: DELETE /66a3ee7a499cf9ca2f269177 - no tiene permisos para eliminar este producto
2024-07-26 15:44:12 WARNING: Unauthorized
2024-07-26 15:44:12 ERROR: DELETE /undefined - Cast to ObjectId failed for value "undefined" (type string) at path "_id" for model "users"
2024-07-26 15:44:12 WARNING: Unauthorized
2024-07-26 15:50:49 WARNING: Unauthorized
2024-07-26 15:50:50 WARNING: Unauthorized
2024-07-26 15:57:15 WARNING: Unauthorized
2024-07-26 15:59:44 ERROR: DELETE /deleteCarts - Cast to ObjectId failed for value "deleteCarts" (type string) at path "_id" for model "carts"
2024-07-29 15:55:36 WARNING: Unauthorized
2024-07-29 16:01:04 WARNING: Unauthorized
2024-07-29 16:09:01 WARNING: Unauthorized
2024-07-29 16:11:55 WARNING: Unauthorized
2024-07-29 16:19:13 WARNING: GET /failRegister - No tienes permisos para realizar esta acción
2024-07-29 16:23:25 WARNING: GET / - No tienes permisos para realizar esta acción
2024-07-29 16:25:51 WARNING: GET /failRegister - No tienes permisos para realizar esta acción
2024-07-29 16:27:10 WARNING: GET /failRegister - No tienes permisos para realizar esta acción
2024-07-29 16:27:53 WARNING: GET /failRegister - No tienes permisos para realizar esta acción
2024-07-29 16:30:32 WARNING: GET /failRegister - No tienes permisos para realizar esta acción
2024-07-29 16:34:15 WARNING: GET /failRegister - No tienes permisos para realizar esta acción
2024-07-29 16:38:02 WARNING: GET /failRegister - No tienes permisos para realizar esta acción
2024-07-29 16:42:19 WARNING: GET /failRegister - No tienes permisos para realizar esta acción
2024-07-29 16:43:31 WARNING: GET /failRegister - No tienes permisos para realizar esta acción
2024-07-30 11:20:45 WARNING: GET /failLogin - No tienes permisos para realizar esta acción
2024-07-30 11:24:36 WARNING: GET /failLogin - No tienes permisos para realizar esta acción
2024-07-30 11:30:42 WARNING: GET /failLogin - No tienes permisos para realizar esta acción
2024-07-30 11:31:33 WARNING: GET /failLogin - No tienes permisos para realizar esta acción
2024-07-30 11:32:13 WARNING: GET /failLogin - No tienes permisos para realizar esta acción
2024-07-30 11:34:41 WARNING: GET /failLogin - No tienes permisos para realizar esta acción
2024-07-30 11:36:58 WARNING: GET /failLogin - No tienes permisos para realizar esta acción
2024-07-30 11:39:42 WARNING: GET /failLogin - No tienes permisos para realizar esta acción
2024-07-30 12:14:32 WARNING: DELETE / - No tienes permisos para realizar esta acción
2024-07-30 12:14:36 WARNING: DELETE / - No tienes permisos para realizar esta acción
2024-07-30 12:14:47 WARNING: DELETE /deleteCarts - No tienes permisos para realizar esta acción
2024-07-30 12:15:40 WARNING: DELETE /deleteCarts - No tienes permisos para realizar esta acción
2024-07-30 12:15:43 WARNING: DELETE / - No tienes permisos para realizar esta acción
2024-07-30 12:16:01 WARNING: DELETE / - No tienes permisos para realizar esta acción
2024-07-30 12:16:08 WARNING: DELETE /deleteCarts - No tienes permisos para realizar esta acción
2024-07-30 12:16:44 WARNING: DELETE / - No tienes permisos para realizar esta acción
2024-07-30 12:17:49 WARNING: DELETE / - No tienes permisos para realizar esta acción
2024-07-30 12:18:10 WARNING: DELETE / - No tienes permisos para realizar esta acción
2024-07-30 12:20:39 WARNING: DELETE / - No tienes permisos para realizar esta acción
2024-07-30 12:20:42 WARNING: DELETE /deleteCarts - No tienes permisos para realizar esta acción
2024-07-30 12:20:56 WARNING: GET / - No tienes permisos para realizar esta acción
2024-07-30 13:42:49 WARNING: GET /failLogin - No tienes permisos para realizar esta acción
2024-07-30 13:44:27 WARNING: POST /665e6433b743315f24126bc4/products/66a9185840d9919761f209da - No puedes agregar tus propios productos al carrito
2024-07-30 13:46:58 WARNING: GET /admin-users - No tienes permisos para realizar esta acción
2024-07-30 13:47:47 WARNING: GET /google - No tienes permisos para realizar esta acción
2024-07-30 13:48:11 WARNING: GET /github - No tienes permisos para realizar esta acción
2024-07-30 13:59:49 ERROR: GET /failLogin - Failed login
2024-07-30 14:09:09 ERROR: GET /failLogin - Failed login
2024-07-30 14:09:49 ERROR: GET /failLogin - Failed login
2024-07-30 14:17:21 ERROR: GET /failLogin - 
2024-07-30 14:17:41 ERROR: GET /failLogin - 
2024-07-30 14:17:49 INFO: GET /login - Ya estás logueado
2024-07-30 14:17:57 ERROR: GET /failLogin - 
2024-07-30 14:21:44 ERROR: GET /failLogin - 
2024-07-30 14:26:48 ERROR: GET /failLogin - Failed login
2024-07-30 14:27:35 ERROR: GET /failLogin - Failed login
2024-07-30 14:30:22 ERROR: GET /failLogin - Invalid password
2024-07-30 14:30:31 ERROR: GET /failLogin - Enter a valid email
2024-07-30 14:50:26 ERROR: GET /failRegister - error || 'Failed register'
2024-07-30 14:50:30 ERROR: GET /failRegister - error || 'Failed register'
2024-07-30 14:51:43 ERROR: GET /failRegister - All fields are required || 'Failed register'
2024-07-30 15:05:24 WARNING: GET / - No tienes permisos para realizar esta acción
2024-07-30 15:05:31 ERROR: GET /failLogin - Invalid password
2024-07-30 15:17:18 INFO: GET /login - Ya estás logueado
2024-07-30 16:28:52 ERROR: GET /logout - Cast to ObjectId failed for value "logout" (type string) at path "_id" for model "users"
2024-07-31 14:26:03 WARNING: POST /665a06a89f0653cac83f7446/documents - Documents are required
2024-07-31 14:26:36 WARNING: POST /665a06a89f0653cac83f7446/documents - The 3 documents are required
2024-08-19 14:47:16 WARNING: GET / - No tienes permisos para realizar esta acción
2024-08-20 15:27:35 WARNING: GET / - No tienes permisos para realizar esta acción
2024-08-20 15:28:57 ERROR: GET /failLogin - User not found
2024-08-20 15:29:24 ERROR: GET /failLogin - Failed login
2024-08-20 15:30:21 ERROR: GET /failLogin - Missing credentials
2024-08-20 15:31:16 WARNING: GET / - No tienes permisos para realizar esta acción
2024-08-20 15:31:55 ERROR: GET /failLogin - Missing credentials
2024-08-20 15:38:40 ERROR: POST /mercadopago - invalid_token
2024-08-20 15:41:33 ERROR: POST /mercadopago - invalid_token
